{"level":"info","message":"Server started on port 5000","timestamp":"2025-04-17 10:14:13"}
{"level":"info","message":"Shutting down server...","timestamp":"2025-04-17 10:14:39"}
{"level":"info","message":"Server started on port 5000","timestamp":"2025-04-17 10:14:45"}
{"level":"info","message":"Server started on port 5000","timestamp":"2025-04-17 10:18:31"}
{"level":"info","message":"Server started on port 5000","timestamp":"2025-04-17 10:20:23"}
{"level":"info","message":"Server started on port 5000","timestamp":"2025-04-17 10:20:58"}
{"level":"info","message":"Server started on port 5000","timestamp":"2025-04-17 10:21:51"}
{"level":"info","message":"Server started on port 5000","timestamp":"2025-04-17 10:56:35"}
{"level":"info","message":"Server started on port 5000","timestamp":"2025-04-17 10:57:40"}
{"level":"info","message":"Server started on port 5000","timestamp":"2025-04-17 10:57:41"}
{"level":"info","message":"Server started on port 5000","timestamp":"2025-04-17 11:04:42"}
{"level":"info","message":"Server started on port 5000","timestamp":"2025-04-17 11:04:54"}
{"level":"info","message":"Server started on port 5000","timestamp":"2025-04-17 11:07:56"}
{"level":"info","message":"Server started on port 5000","timestamp":"2025-04-17 11:08:06"}
{"level":"info","message":"Server started on port 5000","timestamp":"2025-04-17 11:08:50"}
{"level":"info","message":"Shutting down server...","timestamp":"2025-04-17 11:13:11"}
{"level":"info","message":"Server started on port 5000","timestamp":"2025-04-17 11:13:14"}
{"level":"info","message":"Server started on port 5000","timestamp":"2025-04-17 11:13:44"}
{"level":"info","message":"Shutting down server...","timestamp":"2025-04-17 11:13:55"}
{"level":"info","message":"Server started on port 5000","timestamp":"2025-04-17 11:14:01"}
{"level":"info","message":"Server started on port 5000","timestamp":"2025-04-17 11:29:09"}
{"level":"info","message":"Server started on port 5000","timestamp":"2025-04-17 11:29:21"}
{"level":"info","message":"Server started on port 5000","timestamp":"2025-04-17 11:29:39"}
{"level":"info","message":"Shutting down server...","timestamp":"2025-04-17 11:29:46"}
{"level":"info","message":"Server started on port 5000","timestamp":"2025-04-17 11:29:49"}
{"level":"info","message":"Server started on port 5000","timestamp":"2025-04-17 11:35:27"}
{"level":"info","message":"Server started on port 5000","timestamp":"2025-04-17 11:38:46"}
{"level":"info","message":"Server started on port 5000","timestamp":"2025-04-17 11:39:23"}
{"level":"info","message":"Server started on port 5000","timestamp":"2025-04-17 11:41:08"}
{"level":"info","message":"Server started on port 5000","timestamp":"2025-04-17 11:41:25"}
{"level":"info","message":"Shutting down server...","timestamp":"2025-04-17 11:42:40"}
{"level":"info","message":"Server started on port 5000","timestamp":"2025-04-17 11:42:44"}
{"level":"info","message":"Server started on port 5000","timestamp":"2025-04-17 11:44:20"}
{"level":"info","message":"Shutting down server...","timestamp":"2025-04-17 11:44:57"}
{"level":"info","message":"Server started on port 5000","timestamp":"2025-04-17 11:45:01"}
{"level":"info","message":"Server started on port 5000","timestamp":"2025-04-17 12:08:33"}
{"level":"info","message":"Shutting down server...","timestamp":"2025-04-17 12:08:39"}
{"level":"info","message":"Server started on port 5000","timestamp":"2025-04-17 12:08:41"}
{"level":"info","message":"Server started on port 5000","timestamp":"2025-04-17 12:10:05"}
{"level":"info","message":"Server started on port 5000","timestamp":"2025-04-17 12:14:35"}
{"level":"info","message":"Shutting down server...","timestamp":"2025-04-17 12:14:40"}
{"level":"info","message":"Server started on port 5000","timestamp":"2025-04-17 12:14:43"}
{"level":"info","message":"Server started on port 5000","timestamp":"2025-04-17 12:20:42"}
{"level":"info","message":"Server started on port 5000","timestamp":"2025-04-17 12:20:49"}
{"level":"info","message":"Server started on port 5000","timestamp":"2025-04-17 12:21:22"}
{"level":"info","message":"Server started on port 5000","timestamp":"2025-04-17 12:22:42"}
{"level":"info","message":"Server started on port 5000","timestamp":"2025-04-17 12:25:45"}
{"level":"info","message":"Shutting down server...","timestamp":"2025-04-17 12:25:50"}
{"level":"info","message":"Server started on port 5000","timestamp":"2025-04-17 12:25:54"}
{"level":"info","message":"Server started on port 5000","timestamp":"2025-04-17 12:30:45"}
{"level":"info","message":"Server started on port 5000","timestamp":"2025-04-17 12:57:44"}
{"level":"info","message":"Server started on port 5000","timestamp":"2025-04-17 12:58:47"}
{"level":"info","message":"Received GET request at /api/products","timestamp":"2025-04-17 13:19:05"}
{"level":"error","message":"Error handling GET request to /api/products: logger is not defined","stack":"ReferenceError: logger is not defined\n    at Object.getAllProducts (file:///C:/Users/vinay/Documents/ShankarAutomobile/bike-scooter-app/backend/controllers/productController.js:31:5)\n    at file:///C:/Users/vinay/Documents/ShankarAutomobile/bike-scooter-app/backend/routes/productRoutes.js:24:29\n    at Layer.handleRequest (C:\\Users\\vinay\\Documents\\ShankarAutomobile\\bike-scooter-app\\backend\\node_modules\\router\\lib\\layer.js:152:17)\n    at next (C:\\Users\\vinay\\Documents\\ShankarAutomobile\\bike-scooter-app\\backend\\node_modules\\router\\lib\\route.js:157:13)\n    at Route.dispatch (C:\\Users\\vinay\\Documents\\ShankarAutomobile\\bike-scooter-app\\backend\\node_modules\\router\\lib\\route.js:117:3)\n    at handle (C:\\Users\\vinay\\Documents\\ShankarAutomobile\\bike-scooter-app\\backend\\node_modules\\router\\index.js:435:11)\n    at Layer.handleRequest (C:\\Users\\vinay\\Documents\\ShankarAutomobile\\bike-scooter-app\\backend\\node_modules\\router\\lib\\layer.js:152:17)\n    at C:\\Users\\vinay\\Documents\\ShankarAutomobile\\bike-scooter-app\\backend\\node_modules\\router\\index.js:295:15\n    at processParams (C:\\Users\\vinay\\Documents\\ShankarAutomobile\\bike-scooter-app\\backend\\node_modules\\router\\index.js:582:12)\n    at next (C:\\Users\\vinay\\Documents\\ShankarAutomobile\\bike-scooter-app\\backend\\node_modules\\router\\index.js:291:5)","timestamp":"2025-04-17 13:19:05"}
{"level":"info","message":"Server started on port 5000","timestamp":"2025-04-17 13:22:24"}
{"level":"info","message":"Server started on port 5000","timestamp":"2025-04-17 13:24:21"}
{"level":"info","message":"Received GET request at /api/products","timestamp":"2025-04-17 13:24:34"}
{"level":"info","message":"Received request to get all products","timestamp":"2025-04-17 13:24:34"}
{"level":"info","message":"Retrieved all products:","timestamp":"2025-04-17 13:24:34"}
{"level":"info","message":"Received GET request at /api/products","timestamp":"2025-04-17 13:30:57"}
{"level":"info","message":"Received request to get all products","timestamp":"2025-04-17 13:30:57"}
{"level":"info","message":"Retrieved all products:","timestamp":"2025-04-17 13:30:57"}
{"level":"info","message":"Received GET request at /api/products","timestamp":"2025-04-17 13:34:00"}
{"level":"info","message":"Received request to get all products","timestamp":"2025-04-17 13:34:00"}
{"level":"info","message":"Retrieved all products:","timestamp":"2025-04-17 13:34:00"}
{"level":"info","message":"Received GET request at /api/products","timestamp":"2025-04-17 13:34:04"}
{"level":"info","message":"Received request to get all products","timestamp":"2025-04-17 13:34:04"}
{"level":"info","message":"Retrieved all products:","timestamp":"2025-04-17 13:34:04"}
{"level":"info","message":"Received GET request at /api/products","timestamp":"2025-04-17 13:34:04"}
{"level":"info","message":"Received request to get all products","timestamp":"2025-04-17 13:34:04"}
{"level":"info","message":"Retrieved all products:","timestamp":"2025-04-17 13:34:04"}
{"level":"info","message":"Received GET request at /api/products","timestamp":"2025-04-17 13:34:20"}
{"level":"info","message":"Received request to get all products","timestamp":"2025-04-17 13:34:20"}
{"level":"info","message":"Retrieved all products:","timestamp":"2025-04-17 13:34:20"}
{"level":"info","message":"Received GET request at /api/products","timestamp":"2025-04-17 13:34:31"}
{"level":"info","message":"Received request to get all products","timestamp":"2025-04-17 13:34:31"}
{"level":"info","message":"Retrieved all products:","timestamp":"2025-04-17 13:34:31"}
{"level":"info","message":"Received GET request at /api/products","timestamp":"2025-04-17 13:35:16"}
{"level":"info","message":"Received request to get all products","timestamp":"2025-04-17 13:35:16"}
{"level":"info","message":"Retrieved all products:","timestamp":"2025-04-17 13:35:16"}
{"level":"info","message":"Received GET request at /api/products","timestamp":"2025-04-17 13:35:16"}
{"level":"info","message":"Received request to get all products","timestamp":"2025-04-17 13:35:16"}
{"level":"info","message":"Retrieved all products:","timestamp":"2025-04-17 13:35:17"}
{"level":"info","message":"Received GET request at /api/products","timestamp":"2025-04-17 13:35:26"}
{"level":"info","message":"Received request to get all products","timestamp":"2025-04-17 13:35:26"}
{"level":"info","message":"Retrieved all products:","timestamp":"2025-04-17 13:35:26"}
{"level":"info","message":"Received GET request at /api/products","timestamp":"2025-04-17 13:36:35"}
{"level":"info","message":"Received request to get all products","timestamp":"2025-04-17 13:36:35"}
{"level":"info","message":"Retrieved all products:","timestamp":"2025-04-17 13:36:35"}
{"level":"info","message":"Received GET request at /api/products","timestamp":"2025-04-17 13:36:38"}
{"level":"info","message":"Received request to get all products","timestamp":"2025-04-17 13:36:38"}
{"level":"info","message":"Retrieved all products:","timestamp":"2025-04-17 13:36:38"}
{"level":"info","message":"Received GET request at /api/products","timestamp":"2025-04-17 13:37:31"}
{"level":"info","message":"Received request to get all products","timestamp":"2025-04-17 13:37:31"}
{"level":"info","message":"Retrieved all products:","timestamp":"2025-04-17 13:37:31"}
{"level":"info","message":"Received GET request at /api/products","timestamp":"2025-04-17 13:37:35"}
{"level":"info","message":"Received request to get all products","timestamp":"2025-04-17 13:37:35"}
{"level":"info","message":"Retrieved all products:","timestamp":"2025-04-17 13:37:35"}
{"level":"info","message":"Received GET request at /api/products","timestamp":"2025-04-17 13:42:33"}
{"level":"info","message":"Received request to get all products","timestamp":"2025-04-17 13:42:33"}
{"level":"info","message":"Retrieved all products:","timestamp":"2025-04-17 13:42:33"}
{"level":"info","message":"Received GET request at /api/products","timestamp":"2025-04-17 13:42:37"}
{"level":"info","message":"Received request to get all products","timestamp":"2025-04-17 13:42:37"}
{"level":"info","message":"Retrieved all products:","timestamp":"2025-04-17 13:42:37"}
{"level":"info","message":"Received GET request at /api/products","timestamp":"2025-04-17 13:42:37"}
{"level":"info","message":"Received request to get all products","timestamp":"2025-04-17 13:42:37"}
{"level":"info","message":"Retrieved all products:","timestamp":"2025-04-17 13:42:37"}
{"level":"info","message":"Received GET request at /api/products","timestamp":"2025-04-17 13:45:14"}
{"level":"info","message":"Received request to get all products","timestamp":"2025-04-17 13:45:14"}
{"level":"info","message":"Retrieved all products:","timestamp":"2025-04-17 13:45:14"}
{"level":"info","message":"Received GET request at /api/products","timestamp":"2025-04-17 13:45:17"}
{"level":"info","message":"Received request to get all products","timestamp":"2025-04-17 13:45:17"}
{"level":"info","message":"Retrieved all products:","timestamp":"2025-04-17 13:45:17"}
{"level":"info","message":"Received GET request at /api/products","timestamp":"2025-04-17 13:45:17"}
{"level":"info","message":"Received request to get all products","timestamp":"2025-04-17 13:45:17"}
{"level":"info","message":"Retrieved all products:","timestamp":"2025-04-17 13:45:17"}
{"level":"info","message":"Received GET request at /api/products","timestamp":"2025-04-17 13:47:50"}
{"level":"info","message":"Received request to get all products","timestamp":"2025-04-17 13:47:50"}
{"level":"info","message":"Retrieved all products:","timestamp":"2025-04-17 13:47:50"}
{"level":"info","message":"Received GET request at /api/products","timestamp":"2025-04-17 13:47:50"}
{"level":"info","message":"Received request to get all products","timestamp":"2025-04-17 13:47:50"}
{"level":"info","message":"Retrieved all products:","timestamp":"2025-04-17 13:47:50"}
{"level":"info","message":"Received GET request at /api/products","timestamp":"2025-04-17 13:50:10"}
{"level":"info","message":"Received request to get all products","timestamp":"2025-04-17 13:50:10"}
{"level":"info","message":"Retrieved all products:","timestamp":"2025-04-17 13:50:10"}
{"level":"info","message":"Received GET request at /api/products","timestamp":"2025-04-17 13:50:10"}
{"level":"info","message":"Received request to get all products","timestamp":"2025-04-17 13:50:10"}
{"level":"info","message":"Retrieved all products:","timestamp":"2025-04-17 13:50:10"}
{"level":"info","message":"Received GET request at /api/products","timestamp":"2025-04-17 13:51:38"}
{"level":"info","message":"Received request to get all products","timestamp":"2025-04-17 13:51:38"}
{"level":"info","message":"Retrieved all products:","timestamp":"2025-04-17 13:51:38"}
{"level":"info","message":"Received GET request at /api/products","timestamp":"2025-04-17 13:51:38"}
{"level":"info","message":"Received request to get all products","timestamp":"2025-04-17 13:51:38"}
{"level":"info","message":"Retrieved all products:","timestamp":"2025-04-17 13:51:38"}
{"level":"info","message":"Received GET request at /api/products","timestamp":"2025-04-17 13:54:56"}
{"level":"info","message":"Received request to get all products","timestamp":"2025-04-17 13:54:56"}
{"level":"info","message":"Retrieved all products:","timestamp":"2025-04-17 13:54:56"}
{"level":"info","message":"Received GET request at /api/products","timestamp":"2025-04-17 13:54:56"}
{"level":"info","message":"Received request to get all products","timestamp":"2025-04-17 13:54:56"}
{"level":"info","message":"Retrieved all products:","timestamp":"2025-04-17 13:54:56"}
{"level":"info","message":"Received GET request at /api/products","timestamp":"2025-04-17 13:56:40"}
{"level":"info","message":"Received request to get all products","timestamp":"2025-04-17 13:56:40"}
{"level":"info","message":"Retrieved all products:","timestamp":"2025-04-17 13:56:40"}
{"level":"info","message":"Received GET request at /api/products","timestamp":"2025-04-17 13:56:40"}
{"level":"info","message":"Received request to get all products","timestamp":"2025-04-17 13:56:40"}
{"level":"info","message":"Retrieved all products:","timestamp":"2025-04-17 13:56:40"}
{"level":"info","message":"Server started on port 5000","timestamp":"2025-04-17 13:59:25"}
{"level":"info","message":"Received GET request at /api/products","timestamp":"2025-04-17 14:01:14"}
{"level":"info","message":"Received request to get all products","timestamp":"2025-04-17 14:01:14"}
{"level":"info","message":"Retrieved all products:","timestamp":"2025-04-17 14:01:14"}
{"level":"info","message":"Received GET request at /api/products","timestamp":"2025-04-17 14:01:14"}
{"level":"info","message":"Received request to get all products","timestamp":"2025-04-17 14:01:14"}
{"level":"info","message":"Retrieved all products:","timestamp":"2025-04-17 14:01:14"}
{"level":"info","message":"Server started on port 5000","timestamp":"2025-04-17 14:03:27"}
{"level":"info","message":"Received GET request at /api/products","timestamp":"2025-04-17 14:03:35"}
{"level":"info","message":"Received request to get all products","timestamp":"2025-04-17 14:03:35"}
{"level":"info","message":"Retrieved all products:","timestamp":"2025-04-17 14:03:35"}
{"level":"info","message":"Received GET request at /api/products","timestamp":"2025-04-17 14:03:35"}
{"level":"info","message":"Received request to get all products","timestamp":"2025-04-17 14:03:35"}
{"level":"info","message":"Retrieved all products:","timestamp":"2025-04-17 14:03:35"}
{"level":"info","message":"Received GET request at /api/products","timestamp":"2025-04-17 14:03:57"}
{"level":"info","message":"Received request to get all products","timestamp":"2025-04-17 14:03:57"}
{"level":"info","message":"Retrieved all products:","timestamp":"2025-04-17 14:03:57"}
{"level":"info","message":"Received GET request at /api/products","timestamp":"2025-04-17 14:04:03"}
{"level":"info","message":"Received request to get all products","timestamp":"2025-04-17 14:04:03"}
{"level":"info","message":"Retrieved all products:","timestamp":"2025-04-17 14:04:03"}
{"level":"info","message":"Received GET request at /api/products","timestamp":"2025-04-17 14:07:48"}
{"level":"info","message":"Received request to get all products","timestamp":"2025-04-17 14:07:48"}
{"level":"info","message":"Retrieved all products:","timestamp":"2025-04-17 14:07:48"}
{"level":"info","message":"Received GET request at /api/products","timestamp":"2025-04-17 14:07:48"}
{"level":"info","message":"Received request to get all products","timestamp":"2025-04-17 14:07:48"}
{"level":"info","message":"Retrieved all products:","timestamp":"2025-04-17 14:07:48"}
{"level":"info","message":"Received GET request at /api/products","timestamp":"2025-04-17 14:08:48"}
{"level":"info","message":"Received request to get all products","timestamp":"2025-04-17 14:08:48"}
{"level":"info","message":"Retrieved all products:","timestamp":"2025-04-17 14:08:48"}
{"level":"info","message":"Received GET request at /api/products","timestamp":"2025-04-17 14:08:48"}
{"level":"info","message":"Received request to get all products","timestamp":"2025-04-17 14:08:48"}
{"level":"info","message":"Retrieved all products:","timestamp":"2025-04-17 14:08:48"}
{"level":"info","message":"Received GET request at /api/products","timestamp":"2025-04-17 14:10:52"}
{"level":"info","message":"Received request to get all products","timestamp":"2025-04-17 14:10:52"}
{"level":"info","message":"Retrieved all products:","timestamp":"2025-04-17 14:10:52"}
{"level":"info","message":"Server started on port 5000","timestamp":"2025-04-17 14:14:44"}
{"level":"info","message":"Server started on port 5000","timestamp":"2025-04-17 14:14:55"}
{"level":"info","message":"Server started on port 5000","timestamp":"2025-04-17 14:15:18"}
{"level":"info","message":"Server started on port 5000","timestamp":"2025-04-17 14:15:55"}
{"level":"info","message":"Received GET request at /api/products","timestamp":"2025-04-17 14:17:17"}
{"level":"info","message":"Received request to get all products","timestamp":"2025-04-17 14:17:17"}
{"level":"info","message":"Retrieved all products:","timestamp":"2025-04-17 14:17:17"}
{"level":"info","message":"Received GET request at /api/products","timestamp":"2025-04-17 14:17:17"}
{"level":"info","message":"Received request to get all products","timestamp":"2025-04-17 14:17:17"}
{"level":"info","message":"Retrieved all products:","timestamp":"2025-04-17 14:17:17"}
{"level":"info","message":"Server started on port 5000","timestamp":"2025-04-17 14:23:04"}
{"level":"info","message":"Shutting down server...","timestamp":"2025-04-17 14:23:12"}
{"level":"info","message":"Server started on port 5000","timestamp":"2025-04-17 14:23:17"}
{"level":"info","message":"Shutting down server...","timestamp":"2025-04-17 14:24:21"}
{"level":"info","message":"Server started on port 5000","timestamp":"2025-04-17 14:24:24"}
{"level":"info","message":"Received GET request at /api/products","timestamp":"2025-04-17 14:24:28"}
{"level":"info","message":"Received request to get all products","timestamp":"2025-04-17 14:24:28"}
{"level":"info","message":"Retrieved all products:","timestamp":"2025-04-17 14:24:28"}
{"level":"info","message":"Received GET request at /api/products","timestamp":"2025-04-17 14:24:28"}
{"level":"info","message":"Received request to get all products","timestamp":"2025-04-17 14:24:28"}
{"level":"info","message":"Retrieved all products:","timestamp":"2025-04-17 14:24:28"}
{"level":"info","message":"Server started on port 5000","timestamp":"2025-04-17 14:36:26"}
{"level":"info","message":"Server started on port 5000","timestamp":"2025-04-17 14:36:30"}
{"level":"info","message":"Server started on port 5000","timestamp":"2025-04-17 14:36:48"}
{"level":"info","message":"Received GET request at /api/products","timestamp":"2025-04-17 14:38:43"}
{"level":"info","message":"Received request to get all products","timestamp":"2025-04-17 14:38:43"}
{"level":"info","message":"Retrieved all products:","timestamp":"2025-04-17 14:38:43"}
{"level":"info","message":"Received GET request at /api/products","timestamp":"2025-04-17 14:38:51"}
{"level":"info","message":"Received request to get all products","timestamp":"2025-04-17 14:38:51"}
{"level":"info","message":"Retrieved all products:","timestamp":"2025-04-17 14:38:51"}
{"level":"info","message":"Received GET request at /api/products","timestamp":"2025-04-17 14:38:51"}
{"level":"info","message":"Received request to get all products","timestamp":"2025-04-17 14:38:51"}
{"level":"info","message":"Retrieved all products:","timestamp":"2025-04-17 14:38:51"}
{"level":"info","message":"Received GET request at /api/products","timestamp":"2025-04-17 14:48:16"}
{"level":"info","message":"Received request to get all products","timestamp":"2025-04-17 14:48:16"}
{"level":"info","message":"Retrieved all products:","timestamp":"2025-04-17 14:48:16"}
{"level":"info","message":"Received GET request at /api/products","timestamp":"2025-04-17 14:48:26"}
{"level":"info","message":"Received request to get all products","timestamp":"2025-04-17 14:48:26"}
{"level":"info","message":"Retrieved all products:","timestamp":"2025-04-17 14:48:26"}
{"level":"info","message":"Received GET request at /api/products","timestamp":"2025-04-17 14:48:26"}
{"level":"info","message":"Received request to get all products","timestamp":"2025-04-17 14:48:26"}
{"level":"info","message":"Retrieved all products:","timestamp":"2025-04-17 14:48:26"}
{"level":"info","message":"Received GET request at /api/products","timestamp":"2025-04-17 14:50:34"}
{"level":"info","message":"Received request to get all products","timestamp":"2025-04-17 14:50:34"}
{"level":"info","message":"Retrieved all products:","timestamp":"2025-04-17 14:50:34"}
{"level":"info","message":"Received GET request at /api/products","timestamp":"2025-04-17 14:50:34"}
{"level":"info","message":"Received request to get all products","timestamp":"2025-04-17 14:50:34"}
{"level":"info","message":"Retrieved all products:","timestamp":"2025-04-17 14:50:34"}
{"level":"info","message":"Server started on port 5000","timestamp":"2025-04-17 15:04:58"}
{"level":"info","message":"Received GET request at /api/products","timestamp":"2025-04-17 15:05:57"}
{"level":"info","message":"Received request to get all products","timestamp":"2025-04-17 15:05:57"}
{"level":"info","message":"Retrieved all products:","timestamp":"2025-04-17 15:05:57"}
{"level":"info","message":"Received GET request at /api/products","timestamp":"2025-04-17 15:06:04"}
{"level":"info","message":"Received request to get all products","timestamp":"2025-04-17 15:06:04"}
{"level":"info","message":"Retrieved all products:","timestamp":"2025-04-17 15:06:04"}
{"level":"info","message":"Received GET request at /api/products","timestamp":"2025-04-17 15:06:04"}
{"level":"info","message":"Received request to get all products","timestamp":"2025-04-17 15:06:04"}
{"level":"info","message":"Retrieved all products:","timestamp":"2025-04-17 15:06:04"}
{"level":"info","message":"Received GET request at /api/products","timestamp":"2025-04-17 15:08:18"}
{"level":"info","message":"Received request to get all products","timestamp":"2025-04-17 15:08:18"}
{"level":"info","message":"Retrieved all products:","timestamp":"2025-04-17 15:08:18"}
{"level":"info","message":"Received GET request at /api/products","timestamp":"2025-04-17 15:08:18"}
{"level":"info","message":"Received request to get all products","timestamp":"2025-04-17 15:08:18"}
{"level":"info","message":"Retrieved all products:","timestamp":"2025-04-17 15:08:18"}
{"level":"info","message":"Received GET request at /api/products","timestamp":"2025-04-17 15:09:04"}
{"level":"info","message":"Received request to get all products","timestamp":"2025-04-17 15:09:04"}
{"level":"info","message":"Retrieved all products:","timestamp":"2025-04-17 15:09:04"}
{"level":"info","message":"Received GET request at /api/products","timestamp":"2025-04-17 15:09:08"}
{"level":"info","message":"Received request to get all products","timestamp":"2025-04-17 15:09:08"}
{"level":"info","message":"Retrieved all products:","timestamp":"2025-04-17 15:09:08"}
{"level":"info","message":"Received GET request at /api/products","timestamp":"2025-04-17 15:09:08"}
{"level":"info","message":"Received request to get all products","timestamp":"2025-04-17 15:09:08"}
{"level":"info","message":"Retrieved all products:","timestamp":"2025-04-17 15:09:08"}
{"level":"info","message":"Received GET request at /api/products","timestamp":"2025-04-17 15:17:45"}
{"level":"info","message":"Received request to get all products","timestamp":"2025-04-17 15:17:45"}
{"level":"info","message":"Retrieved all products:","timestamp":"2025-04-17 15:17:45"}
{"level":"info","message":"Received GET request at /api/products","timestamp":"2025-04-17 15:17:45"}
{"level":"info","message":"Received request to get all products","timestamp":"2025-04-17 15:17:45"}
{"level":"info","message":"Retrieved all products:","timestamp":"2025-04-17 15:17:45"}
{"level":"info","message":"Server started on port 5000","timestamp":"2025-04-17 15:22:59"}
{"level":"info","message":"Server started on port 5000","timestamp":"2025-04-17 15:23:17"}
{"level":"info","message":"Server started on port 5000","timestamp":"2025-04-17 15:23:18"}
{"level":"info","message":"Server started on port 5000","timestamp":"2025-04-17 15:24:12"}
{"level":"info","message":"Server started on port 5000","timestamp":"2025-04-17 15:24:18"}
{"level":"info","message":"Server started on port 5000","timestamp":"2025-04-17 15:25:05"}
{"level":"info","message":"Server started on port 5000","timestamp":"2025-04-17 15:25:30"}
{"level":"info","message":"Server started on port 5000","timestamp":"2025-04-17 15:25:34"}
{"level":"info","message":"Received GET request at /api/products","timestamp":"2025-04-17 15:26:23"}
{"level":"info","message":"Received request to get all products","timestamp":"2025-04-17 15:26:23"}
{"level":"info","message":"Retrieved all products:","timestamp":"2025-04-17 15:26:23"}
{"level":"info","message":"Received GET request at /api/products","timestamp":"2025-04-17 15:26:23"}
{"level":"info","message":"Received request to get all products","timestamp":"2025-04-17 15:26:23"}
{"level":"info","message":"Retrieved all products:","timestamp":"2025-04-17 15:26:23"}
{"level":"info","message":"Received GET request at /api/products","timestamp":"2025-04-17 15:35:48"}
{"level":"info","message":"Received request to get all products","timestamp":"2025-04-17 15:35:48"}
{"level":"info","message":"Retrieved all products:","timestamp":"2025-04-17 15:35:48"}
{"level":"info","message":"Received GET request at /api/products","timestamp":"2025-04-17 15:35:48"}
{"level":"info","message":"Received request to get all products","timestamp":"2025-04-17 15:35:48"}
{"level":"info","message":"Retrieved all products:","timestamp":"2025-04-17 15:35:48"}
{"level":"info","message":"Server started on port 5000","timestamp":"2025-04-17 15:37:56"}
{"level":"info","message":"Server started on port 5000","timestamp":"2025-04-17 16:01:10"}
{"level":"info","message":"Shutting down server...","timestamp":"2025-04-17 16:01:27"}
{"level":"info","message":"Server started on port 5000","timestamp":"2025-04-17 16:01:31"}
{"level":"info","message":"Received GET request at /api/products","timestamp":"2025-04-17 16:01:36"}
{"level":"info","message":"Received request to get all products","timestamp":"2025-04-17 16:01:36"}
{"level":"info","message":"Retrieved all products:","timestamp":"2025-04-17 16:01:37"}
{"level":"info","message":"Received GET request at /api/products","timestamp":"2025-04-17 16:01:37"}
{"level":"info","message":"Received request to get all products","timestamp":"2025-04-17 16:01:37"}
{"level":"info","message":"Retrieved all products:","timestamp":"2025-04-17 16:01:37"}
{"level":"info","message":"Server started on port 5000","timestamp":"2025-04-17 16:03:28"}
{"level":"info","message":"Server started on port 5000","timestamp":"2025-04-17 16:03:47"}
{"level":"info","message":"Received GET request at /api/products","timestamp":"2025-04-17 16:04:03"}
{"level":"info","message":"Received request to get all products","timestamp":"2025-04-17 16:04:03"}
{"level":"info","message":"Retrieved all products:","timestamp":"2025-04-17 16:04:03"}
{"level":"info","message":"Received GET request at /api/products","timestamp":"2025-04-17 16:04:03"}
{"level":"info","message":"Received request to get all products","timestamp":"2025-04-17 16:04:03"}
{"level":"info","message":"Retrieved all products:","timestamp":"2025-04-17 16:04:03"}
{"level":"info","message":"Server started on port 5000","timestamp":"2025-04-17 16:12:54"}
{"level":"info","message":"Shutting down server...","timestamp":"2025-04-17 16:13:29"}
{"level":"info","message":"Server started on port 5000","timestamp":"2025-04-17 16:13:33"}
{"level":"info","message":"Received GET request at /api/products","timestamp":"2025-04-17 16:13:36"}
{"level":"info","message":"Received request to get all products","timestamp":"2025-04-17 16:13:36"}
{"level":"info","message":"Retrieved all products:","timestamp":"2025-04-17 16:13:36"}
{"level":"info","message":"Received GET request at /api/products","timestamp":"2025-04-17 16:13:36"}
{"level":"info","message":"Received request to get all products","timestamp":"2025-04-17 16:13:36"}
{"level":"info","message":"Retrieved all products:","timestamp":"2025-04-17 16:13:36"}
{"level":"info","message":"Server started on port 5000","timestamp":"2025-04-17 16:15:58"}
{"level":"info","message":"Server started on port 5000","timestamp":"2025-04-17 16:16:10"}
{"level":"info","message":"Received GET request at /api/products","timestamp":"2025-04-17 16:16:21"}
{"level":"info","message":"Received request to get all products","timestamp":"2025-04-17 16:16:21"}
{"level":"info","message":"Retrieved all products:","timestamp":"2025-04-17 16:16:21"}
{"level":"info","message":"Received GET request at /api/products","timestamp":"2025-04-17 16:16:21"}
{"level":"info","message":"Received request to get all products","timestamp":"2025-04-17 16:16:21"}
{"level":"info","message":"Retrieved all products:","timestamp":"2025-04-17 16:16:21"}
{"level":"info","message":"Server started on port 5000","timestamp":"2025-04-17 16:18:35"}
{"level":"info","message":"Server started on port 5000","timestamp":"2025-04-17 16:18:49"}
{"level":"info","message":"Received GET request at /api/products","timestamp":"2025-04-17 16:21:11"}
{"level":"info","message":"Received request to get all products","timestamp":"2025-04-17 16:21:11"}
{"level":"info","message":"Retrieved all products:","timestamp":"2025-04-17 16:21:11"}
{"level":"info","message":"Received GET request at /api/products","timestamp":"2025-04-17 16:21:11"}
{"level":"info","message":"Received request to get all products","timestamp":"2025-04-17 16:21:11"}
{"level":"info","message":"Retrieved all products:","timestamp":"2025-04-17 16:21:11"}
{"level":"info","message":"Server started on port 5000","timestamp":"2025-04-17 17:28:54"}
{"level":"info","message":"Received GET request at /api/products","timestamp":"2025-04-17 17:31:31"}
{"level":"info","message":"Received request to get all products","timestamp":"2025-04-17 17:31:31"}
{"level":"info","message":"Retrieved all products:","timestamp":"2025-04-17 17:31:31"}
{"level":"info","message":"Received GET request at /api/products","timestamp":"2025-04-17 17:31:31"}
{"level":"info","message":"Received request to get all products","timestamp":"2025-04-17 17:31:31"}
{"level":"info","message":"Retrieved all products:","timestamp":"2025-04-17 17:31:31"}
{"level":"info","message":"Received GET request at /api/products","timestamp":"2025-04-17 17:31:37"}
{"level":"info","message":"Received request to get all products","timestamp":"2025-04-17 17:31:37"}
{"level":"info","message":"Retrieved all products:","timestamp":"2025-04-17 17:31:37"}
{"level":"info","message":"Received GET request at /api/products","timestamp":"2025-04-17 17:31:37"}
{"level":"info","message":"Received request to get all products","timestamp":"2025-04-17 17:31:37"}
{"level":"info","message":"Retrieved all products:","timestamp":"2025-04-17 17:31:37"}
{"level":"info","message":"Received GET request at /api/products","timestamp":"2025-04-17 17:33:59"}
{"level":"info","message":"Received request to get all products","timestamp":"2025-04-17 17:33:59"}
{"level":"info","message":"Retrieved all products:","timestamp":"2025-04-17 17:33:59"}
{"level":"info","message":"Received GET request at /api/products","timestamp":"2025-04-17 17:33:59"}
{"level":"info","message":"Received request to get all products","timestamp":"2025-04-17 17:33:59"}
{"level":"info","message":"Retrieved all products:","timestamp":"2025-04-17 17:33:59"}
{"level":"info","message":"Received GET request at /api/products","timestamp":"2025-04-17 17:41:41"}
{"level":"info","message":"Received request to get all products","timestamp":"2025-04-17 17:41:41"}
{"level":"info","message":"Retrieved all products:","timestamp":"2025-04-17 17:41:41"}
{"level":"info","message":"Received GET request at /api/products","timestamp":"2025-04-17 17:41:41"}
{"level":"info","message":"Received request to get all products","timestamp":"2025-04-17 17:41:41"}
{"level":"info","message":"Retrieved all products:","timestamp":"2025-04-17 17:41:41"}
{"level":"info","message":"Received GET request at /api/products","timestamp":"2025-04-17 17:44:20"}
{"level":"info","message":"Received request to get all products","timestamp":"2025-04-17 17:44:20"}
{"level":"info","message":"Retrieved all products:","timestamp":"2025-04-17 17:44:20"}
{"level":"info","message":"Received GET request at /api/products","timestamp":"2025-04-17 17:44:20"}
{"level":"info","message":"Received request to get all products","timestamp":"2025-04-17 17:44:20"}
{"level":"info","message":"Retrieved all products:","timestamp":"2025-04-17 17:44:20"}
{"level":"info","message":"Received GET request at /api/products","timestamp":"2025-04-17 17:44:24"}
{"level":"info","message":"Received request to get all products","timestamp":"2025-04-17 17:44:24"}
{"level":"info","message":"Retrieved all products:","timestamp":"2025-04-17 17:44:24"}
{"level":"info","message":"Received GET request at /api/products","timestamp":"2025-04-17 17:44:24"}
{"level":"info","message":"Received request to get all products","timestamp":"2025-04-17 17:44:24"}
{"level":"info","message":"Retrieved all products:","timestamp":"2025-04-17 17:44:24"}
{"level":"info","message":"Received GET request at /api/products","timestamp":"2025-04-17 17:45:35"}
{"level":"info","message":"Received request to get all products","timestamp":"2025-04-17 17:45:35"}
{"level":"info","message":"Retrieved all products:","timestamp":"2025-04-17 17:45:35"}
{"level":"info","message":"Received GET request at /api/products","timestamp":"2025-04-17 17:51:50"}
{"level":"info","message":"Received request to get all products","timestamp":"2025-04-17 17:51:50"}
{"level":"info","message":"Retrieved all products:","timestamp":"2025-04-17 17:51:50"}
{"level":"info","message":"Received GET request at /api/products","timestamp":"2025-04-17 17:51:50"}
{"level":"info","message":"Received request to get all products","timestamp":"2025-04-17 17:51:50"}
{"level":"info","message":"Retrieved all products:","timestamp":"2025-04-17 17:51:50"}
{"level":"info","message":"Received GET request at /api/products","timestamp":"2025-04-17 17:53:38"}
{"level":"info","message":"Received request to get all products","timestamp":"2025-04-17 17:53:38"}
{"level":"info","message":"Retrieved all products:","timestamp":"2025-04-17 17:53:38"}
{"level":"info","message":"Received GET request at /api/products","timestamp":"2025-04-17 17:53:38"}
{"level":"info","message":"Received request to get all products","timestamp":"2025-04-17 17:53:38"}
{"level":"info","message":"Retrieved all products:","timestamp":"2025-04-17 17:53:38"}
{"level":"info","message":"Received GET request at /api/products","timestamp":"2025-04-17 17:54:16"}
{"level":"info","message":"Received request to get all products","timestamp":"2025-04-17 17:54:16"}
{"level":"info","message":"Retrieved all products:","timestamp":"2025-04-17 17:54:16"}
{"level":"info","message":"Received GET request at /api/products","timestamp":"2025-04-17 17:54:30"}
{"level":"info","message":"Received request to get all products","timestamp":"2025-04-17 17:54:30"}
{"level":"info","message":"Retrieved all products:","timestamp":"2025-04-17 17:54:30"}
{"level":"info","message":"Received GET request at /api/products","timestamp":"2025-04-17 17:54:30"}
{"level":"info","message":"Received request to get all products","timestamp":"2025-04-17 17:54:30"}
{"level":"info","message":"Retrieved all products:","timestamp":"2025-04-17 17:54:30"}
{"level":"info","message":"Received GET request at /api/products","timestamp":"2025-04-17 19:42:37"}
{"level":"info","message":"Received request to get all products","timestamp":"2025-04-17 19:42:37"}
{"level":"info","message":"Retrieved all products:","timestamp":"2025-04-17 19:42:37"}
{"level":"info","message":"Received GET request at /api/products","timestamp":"2025-04-17 19:42:37"}
{"level":"info","message":"Received request to get all products","timestamp":"2025-04-17 19:42:37"}
{"level":"info","message":"Retrieved all products:","timestamp":"2025-04-17 19:42:37"}
{"level":"info","message":"Received GET request at /api/products","timestamp":"2025-04-17 19:43:29"}
{"level":"info","message":"Received request to get all products","timestamp":"2025-04-17 19:43:29"}
{"level":"info","message":"Retrieved all products:","timestamp":"2025-04-17 19:43:29"}
{"level":"info","message":"Received GET request at /api/products","timestamp":"2025-04-17 19:43:29"}
{"level":"info","message":"Received request to get all products","timestamp":"2025-04-17 19:43:29"}
{"level":"info","message":"Retrieved all products:","timestamp":"2025-04-17 19:43:29"}
{"level":"info","message":"Received GET request at /api/products","timestamp":"2025-04-17 19:47:57"}
{"level":"info","message":"Received request to get all products","timestamp":"2025-04-17 19:47:57"}
{"level":"info","message":"Retrieved all products:","timestamp":"2025-04-17 19:47:57"}
{"level":"info","message":"Received GET request at /api/products","timestamp":"2025-04-17 19:48:09"}
{"level":"info","message":"Received request to get all products","timestamp":"2025-04-17 19:48:09"}
{"level":"info","message":"Retrieved all products:","timestamp":"2025-04-17 19:48:09"}
{"level":"info","message":"Received GET request at /api/products","timestamp":"2025-04-17 19:48:09"}
{"level":"info","message":"Received request to get all products","timestamp":"2025-04-17 19:48:09"}
{"level":"info","message":"Retrieved all products:","timestamp":"2025-04-17 19:48:09"}
{"level":"info","message":"Received GET request at /api/products","timestamp":"2025-04-17 19:48:19"}
{"level":"info","message":"Received request to get all products","timestamp":"2025-04-17 19:48:19"}
{"level":"info","message":"Retrieved all products:","timestamp":"2025-04-17 19:48:19"}
{"level":"info","message":"Received GET request at /api/products","timestamp":"2025-04-17 19:48:57"}
{"level":"info","message":"Received request to get all products","timestamp":"2025-04-17 19:48:57"}
{"level":"info","message":"Retrieved all products:","timestamp":"2025-04-17 19:48:57"}
{"level":"info","message":"Received GET request at /api/products","timestamp":"2025-04-17 19:48:57"}
{"level":"info","message":"Received request to get all products","timestamp":"2025-04-17 19:48:57"}
{"level":"info","message":"Retrieved all products:","timestamp":"2025-04-17 19:48:57"}
